app/build/outputs/logs/manifest-merger-admin-debug-report.txt
-- Merging decision tree log ---
permission#org.digitalcampus.mobile.learning.C2D_MESSAGE
INJECTED from src/main/AndroidManifest.xml:28:5-30:46
	android:name
		INJECTED from src/main/AndroidManifest.xml
uses-permission#org.digitalcampus.mobile.learning.C2D_MESSAGE
INJECTED from src/main/AndroidManifest.xml:32:5-67
	android:name
		INJECTED from src/main/AndroidManifest.xml
provider#android.support.v4.content.FileProvider
INJECTED from src/main/AndroidManifest.xml:255:9-263:20
	android:authorities
		INJECTED from src/main/AndroidManifest.xml
manifest
ADDED from src/main/AndroidManifest.xml:2:1-268:12
INJECTED from src/main/AndroidManifest.xml:2:1-268:12
INJECTED from src/main/AndroidManifest.xml:2:1-268:12
INJECTED from src/main/AndroidManifest.xml:2:1-268:12
MERGED from src/admin/AndroidManifest.xml:2:1-22:12
MERGED from src/main/AndroidManifest.xml:2:1-268:12
MERGED from [com.google.firebase:firebase-core:9.4.0] AndroidManifest.xml:2:1-6:12
MERGED from [com.aurelhubert:ahbottomnavigation:2.1.0] AndroidManifest.xml:2:1-13:12
MERGED from [com.android.support:design:25.3.1] AndroidManifest.xml:17:1-31:12
MERGED from [com.android.support:cardview-v7:25.3.1] AndroidManifest.xml:17:1-28:12
MERGED from [com.google.android.gms:play-services-gcm:9.4.0] AndroidManifest.xml:16:1-25:12
MERGED from [com.google.android:flexbox:0.2.5] AndroidManifest.xml:17:1-27:12
MERGED from [io.github.inflationx:calligraphy3:3.0.0] AndroidManifest.xml:2:1-13:12
MERGED from [io.github.inflationx:viewpump:1.0.0] AndroidManifest.xml:2:1-13:12
MERGED from [com.facebook.fresco:fresco:1.11.0] AndroidManifest.xml:2:1-9:12
MERGED from [com.android.support.constraint:constraint-layout:1.1.0] AndroidManifest.xml:2:1-11:12
MERGED from [com.google.firebase:firebase-analytics:9.4.0] AndroidManifest.xml:16:1-42:12
MERGED from [com.android.support:transition:25.3.1] AndroidManifest.xml:17:1-28:12
MERGED from [com.google.android.gms:play-services-iid:9.4.0] AndroidManifest.xml:16:1-25:12
MERGED from [com.google.android.gms:play-services-base:9.4.0] AndroidManifest.xml:16:1-24:12
MERGED from [com.google.firebase:firebase-analytics-impl:9.4.0] AndroidManifest.xml:16:1-42:12
MERGED from [com.google.firebase:firebase-iid:9.4.0] AndroidManifest.xml:16:1-60:12
MERGED from [com.google.firebase:firebase-common:9.4.0] AndroidManifest.xml:2:1-13:12
MERGED from [com.google.android.gms:play-services-tasks:9.4.0] AndroidManifest.xml:2:1-6:12
MERGED from [com.google.android.gms:play-services-basement:9.4.0] AndroidManifest.xml:16:1-26:12
MERGED from [com.android.support:appcompat-v7:25.3.1] AndroidManifest.xml:17:1-31:12
MERGED from [com.android.support:support-v4:25.3.1] AndroidManifest.xml:17:1-31:12
MERGED from [com.android.support:recyclerview-v7:25.3.1] AndroidManifest.xml:17:1-26:12
MERGED from [com.android.support:support-fragment:25.3.1] AndroidManifest.xml:17:1-31:12
MERGED from [com.android.support:support-core-ui:25.3.1] AndroidManifest.xml:17:1-31:12
MERGED from [com.android.support:animated-vector-drawable:25.3.1] AndroidManifest.xml:17:1-28:12
MERGED from [com.android.support:support-vector-drawable:25.3.1] AndroidManifest.xml:17:1-28:12
MERGED from [com.android.support:support-media-compat:25.3.1] AndroidManifest.xml:17:1-31:12
MERGED from [com.android.support:support-core-utils:25.3.1] AndroidManifest.xml:17:1-31:12
MERGED from [com.android.support:support-compat:25.3.1] AndroidManifest.xml:17:1-31:12
MERGED from [com.facebook.fresco:drawee:1.11.0] AndroidManifest.xml:2:1-9:12
MERGED from [com.facebook.fresco:nativeimagefilters:1.11.0] AndroidManifest.xml:2:1-9:12
MERGED from [com.facebook.fresco:imagepipeline:1.11.0] AndroidManifest.xml:2:1-9:12
MERGED from [com.facebook.fresco:imagepipeline-base:1.11.0] AndroidManifest.xml:2:1-9:12
MERGED from [com.facebook.fresco:fbcore:1.11.0] AndroidManifest.xml:2:1-9:12
MERGED from [com.facebook.soloader:soloader:0.5.1] AndroidManifest.xml:2:1-13:12
INJECTED from src/debug/AndroidManifest.xml:2:1-4:12
INJECTED from src/debug/AndroidManifest.xml:2:1-4:12
INJECTED from src/debug/AndroidManifest.xml:2:1-4:12
	package
		ADDED from src/main/AndroidManifest.xml:4:11-54
		INJECTED from src/main/AndroidManifest.xml
		INJECTED from src/debug/AndroidManifest.xml
	android:versionName
		INJECTED from src/main/AndroidManifest.xml
		ADDED from src/main/AndroidManifest.xml:2:1-268:12
		INJECTED from src/debug/AndroidManifest.xml
	xmlns:tools
		ADDED from src/main/AndroidManifest.xml:3:11-57
		ADDED from src/main/AndroidManifest.xml:3:11-57
	android:versionCode
		INJECTED from src/main/AndroidManifest.xml
		ADDED from src/main/AndroidManifest.xml:2:1-268:12
		INJECTED from src/debug/AndroidManifest.xml
	xmlns:android
		ADDED from src/main/AndroidManifest.xml:2:11-69
uses-permission#android.permission.INTERNET
ADDED from src/main/AndroidManifest.xml:6:5-66
MERGED from [com.google.android.gms:play-services-gcm:9.4.0] AndroidManifest.xml:22:5-67
MERGED from [com.google.android.gms:play-services-gcm:9.4.0] AndroidManifest.xml:22:5-67
MERGED from [com.google.firebase:firebase-analytics:9.4.0] AndroidManifest.xml:21:5-67
MERGED from [com.google.firebase:firebase-analytics:9.4.0] AndroidManifest.xml:21:5-67
MERGED from [com.google.android.gms:play-services-iid:9.4.0] AndroidManifest.xml:22:5-67
MERGED from [com.google.android.gms:play-services-iid:9.4.0] AndroidManifest.xml:22:5-67
MERGED from [com.google.firebase:firebase-analytics-impl:9.4.0] AndroidManifest.xml:21:5-67
MERGED from [com.google.firebase:firebase-analytics-impl:9.4.0] AndroidManifest.xml:21:5-67
MERGED from [com.google.firebase:firebase-iid:9.4.0] AndroidManifest.xml:21:5-67
MERGED from [com.google.firebase:firebase-iid:9.4.0] AndroidManifest.xml:21:5-67
	android:name
		ADDED from src/main/AndroidManifest.xml:6:22-64
uses-permission#android.permission.ACCESS_NETWORK_STATE
ADDED from src/main/AndroidManifest.xml:7:5-78
MERGED from [com.google.firebase:firebase-analytics:9.4.0] AndroidManifest.xml:22:5-79
MERGED from [com.google.firebase:firebase-analytics:9.4.0] AndroidManifest.xml:22:5-79
MERGED from [com.google.firebase:firebase-analytics-impl:9.4.0] AndroidManifest.xml:22:5-79
MERGED from [com.google.firebase:firebase-analytics-impl:9.4.0] AndroidManifest.xml:22:5-79
MERGED from [com.google.firebase:firebase-iid:9.4.0] AndroidManifest.xml:20:5-79
MERGED from [com.google.firebase:firebase-iid:9.4.0] AndroidManifest.xml:20:5-79
	android:name
		ADDED from src/main/AndroidManifest.xml:7:22-76
uses-permission#android.permission.RECEIVE_BOOT_COMPLETED
ADDED from src/main/AndroidManifest.xml:8:5-80
	android:name
		ADDED from src/main/AndroidManifest.xml:8:22-78
uses-permission#android.permission.ACCESS_WIFI_STATE
ADDED from src/main/AndroidManifest.xml:9:5-75
	android:name
		ADDED from src/main/AndroidManifest.xml:9:22-73
uses-permission#android.permission.WAKE_LOCK
ADDED from src/main/AndroidManifest.xml:10:5-67
MERGED from [com.google.firebase:firebase-analytics:9.4.0] AndroidManifest.xml:24:5-67
MERGED from [com.google.firebase:firebase-analytics:9.4.0] AndroidManifest.xml:24:5-67
MERGED from [com.google.firebase:firebase-analytics-impl:9.4.0] AndroidManifest.xml:24:5-67
MERGED from [com.google.firebase:firebase-analytics-impl:9.4.0] AndroidManifest.xml:24:5-67
MERGED from [com.google.firebase:firebase-iid:9.4.0] AndroidManifest.xml:22:5-68
MERGED from [com.google.firebase:firebase-iid:9.4.0] AndroidManifest.xml:22:5-68
	android:name
		ADDED from src/main/AndroidManifest.xml:10:22-65
uses-permission#android.permission.BLUETOOTH_ADMIN
ADDED from src/main/AndroidManifest.xml:14:5-73
	android:name
		ADDED from src/main/AndroidManifest.xml:14:22-71
uses-permission#android.permission.BLUETOOTH
ADDED from src/main/AndroidManifest.xml:15:5-67
	android:name
		ADDED from src/main/AndroidManifest.xml:15:22-65
uses-permission#android.permission.ACCESS_COARSE_LOCATION
ADDED from src/main/AndroidManifest.xml:18:5-80
	android:name
		ADDED from src/main/AndroidManifest.xml:18:22-78
uses-permission#android.permission.ACCESS_FINE_LOCATION
ADDED from src/main/AndroidManifest.xml:19:5-78
	android:name
		ADDED from src/main/AndroidManifest.xml:19:22-76
uses-permission#android.permission.READ_EXTERNAL_STORAGE
ADDED from src/main/AndroidManifest.xml:21:5-79
	android:name
		ADDED from src/main/AndroidManifest.xml:21:22-77
uses-permission#android.permission.WRITE_EXTERNAL_STORAGE
ADDED from src/main/AndroidManifest.xml:22:5-80
	android:name
		ADDED from src/main/AndroidManifest.xml:22:22-78
uses-permission#android.permission.READ_PHONE_STATE
ADDED from src/main/AndroidManifest.xml:23:5-74
	android:name
		ADDED from src/main/AndroidManifest.xml:23:22-72
uses-permission#com.google.android.c2dm.permission.RECEIVE
ADDED from src/main/AndroidManifest.xml:26:5-81
MERGED from [com.google.android.gms:play-services-gcm:9.4.0] AndroidManifest.xml:21:5-82
MERGED from [com.google.android.gms:play-services-gcm:9.4.0] AndroidManifest.xml:21:5-82
MERGED from [com.google.android.gms:play-services-iid:9.4.0] AndroidManifest.xml:21:5-82
MERGED from [com.google.android.gms:play-services-iid:9.4.0] AndroidManifest.xml:21:5-82
MERGED from [com.google.firebase:firebase-iid:9.4.0] AndroidManifest.xml:23:5-82
MERGED from [com.google.firebase:firebase-iid:9.4.0] AndroidManifest.xml:23:5-82
	android:name
		ADDED from src/main/AndroidManifest.xml:26:22-79
application
ADDED from src/main/AndroidManifest.xml:34:5-266:19
MERGED from src/main/AndroidManifest.xml:34:5-266:19
MERGED from src/main/AndroidManifest.xml:34:5-266:19
MERGED from [com.google.firebase:firebase-core:9.4.0] AndroidManifest.xml:5:5-20
MERGED from [com.google.firebase:firebase-core:9.4.0] AndroidManifest.xml:5:5-20
MERGED from [com.aurelhubert:ahbottomnavigation:2.1.0] AndroidManifest.xml:11:5-20
MERGED from [com.aurelhubert:ahbottomnavigation:2.1.0] AndroidManifest.xml:11:5-20
MERGED from [com.android.support:design:25.3.1] AndroidManifest.xml:29:5-20
MERGED from [com.android.support:design:25.3.1] AndroidManifest.xml:29:5-20
MERGED from [com.android.support:cardview-v7:25.3.1] AndroidManifest.xml:26:5-20
MERGED from [com.android.support:cardview-v7:25.3.1] AndroidManifest.xml:26:5-20
MERGED from [com.google.android.gms:play-services-gcm:9.4.0] AndroidManifest.xml:24:5-20
MERGED from [com.google.android.gms:play-services-gcm:9.4.0] AndroidManifest.xml:24:5-20
MERGED from [io.github.inflationx:calligraphy3:3.0.0] AndroidManifest.xml:11:5-20
MERGED from [io.github.inflationx:calligraphy3:3.0.0] AndroidManifest.xml:11:5-20
MERGED from [io.github.inflationx:viewpump:1.0.0] AndroidManifest.xml:11:5-20
MERGED from [io.github.inflationx:viewpump:1.0.0] AndroidManifest.xml:11:5-20
MERGED from [com.android.support.constraint:constraint-layout:1.1.0] AndroidManifest.xml:9:5-20
MERGED from [com.android.support.constraint:constraint-layout:1.1.0] AndroidManifest.xml:9:5-20
MERGED from [com.google.firebase:firebase-analytics:9.4.0] AndroidManifest.xml:26:5-41:19
MERGED from [com.google.firebase:firebase-analytics:9.4.0] AndroidManifest.xml:26:5-41:19
MERGED from [com.android.support:transition:25.3.1] AndroidManifest.xml:26:5-20
MERGED from [com.android.support:transition:25.3.1] AndroidManifest.xml:26:5-20
MERGED from [com.google.android.gms:play-services-iid:9.4.0] AndroidManifest.xml:24:5-20
MERGED from [com.google.android.gms:play-services-iid:9.4.0] AndroidManifest.xml:24:5-20
MERGED from [com.google.android.gms:play-services-base:9.4.0] AndroidManifest.xml:19:5-23:19
MERGED from [com.google.android.gms:play-services-base:9.4.0] AndroidManifest.xml:19:5-23:19
MERGED from [com.google.firebase:firebase-analytics-impl:9.4.0] AndroidManifest.xml:26:5-41:19
MERGED from [com.google.firebase:firebase-analytics-impl:9.4.0] AndroidManifest.xml:26:5-41:19
MERGED from [com.google.firebase:firebase-iid:9.4.0] AndroidManifest.xml:30:5-59:19
MERGED from [com.google.firebase:firebase-iid:9.4.0] AndroidManifest.xml:30:5-59:19
MERGED from [com.google.firebase:firebase-common:9.4.0] AndroidManifest.xml:5:5-12:19
MERGED from [com.google.firebase:firebase-common:9.4.0] AndroidManifest.xml:5:5-12:19
MERGED from [com.google.android.gms:play-services-tasks:9.4.0] AndroidManifest.xml:5:5-20
MERGED from [com.google.android.gms:play-services-tasks:9.4.0] AndroidManifest.xml:5:5-20
MERGED from [com.google.android.gms:play-services-basement:9.4.0] AndroidManifest.xml:20:5-24:19
MERGED from [com.google.android.gms:play-services-basement:9.4.0] AndroidManifest.xml:20:5-24:19
MERGED from [com.android.support:appcompat-v7:25.3.1] AndroidManifest.xml:29:5-20
MERGED from [com.android.support:appcompat-v7:25.3.1] AndroidManifest.xml:29:5-20
MERGED from [com.android.support:support-v4:25.3.1] AndroidManifest.xml:29:5-20
MERGED from [com.android.support:support-v4:25.3.1] AndroidManifest.xml:29:5-20
MERGED from [com.android.support:support-fragment:25.3.1] AndroidManifest.xml:29:5-20
MERGED from [com.android.support:support-fragment:25.3.1] AndroidManifest.xml:29:5-20
MERGED from [com.android.support:support-core-ui:25.3.1] AndroidManifest.xml:29:5-20
MERGED from [com.android.support:support-core-ui:25.3.1] AndroidManifest.xml:29:5-20
MERGED from [com.android.support:animated-vector-drawable:25.3.1] AndroidManifest.xml:26:5-20
MERGED from [com.android.support:animated-vector-drawable:25.3.1] AndroidManifest.xml:26:5-20
MERGED from [com.android.support:support-vector-drawable:25.3.1] AndroidManifest.xml:26:5-20
MERGED from [com.android.support:support-vector-drawable:25.3.1] AndroidManifest.xml:26:5-20
MERGED from [com.android.support:support-media-compat:25.3.1] AndroidManifest.xml:29:5-20
MERGED from [com.android.support:support-media-compat:25.3.1] AndroidManifest.xml:29:5-20
MERGED from [com.android.support:support-core-utils:25.3.1] AndroidManifest.xml:29:5-20
MERGED from [com.android.support:support-core-utils:25.3.1] AndroidManifest.xml:29:5-20
MERGED from [com.android.support:support-compat:25.3.1] AndroidManifest.xml:29:5-20
MERGED from [com.android.support:support-compat:25.3.1] AndroidManifest.xml:29:5-20
MERGED from [com.facebook.soloader:soloader:0.5.1] AndroidManifest.xml:11:5-20
MERGED from [com.facebook.soloader:soloader:0.5.1] AndroidManifest.xml:11:5-20
	android:supportsRtl
		ADDED from src/main/AndroidManifest.xml:39:9-35
		ADDED from src/main/AndroidManifest.xml:39:9-35
	android:label
		ADDED from src/main/AndroidManifest.xml:38:9-41
		ADDED from src/main/AndroidManifest.xml:38:9-41
	android:icon
		ADDED from src/main/AndroidManifest.xml:37:9-47
		ADDED from src/main/AndroidManifest.xml:37:9-47
	android:allowBackup
		ADDED from src/main/AndroidManifest.xml:36:9-35
		ADDED from src/main/AndroidManifest.xml:36:9-35
	android:theme
		ADDED from src/main/AndroidManifest.xml:40:9-43
		ADDED from src/main/AndroidManifest.xml:40:9-43
	android:name
		ADDED from src/main/AndroidManifest.xml:35:9-74
		ADDED from src/main/AndroidManifest.xml:35:9-74
meta-data#com.google.android.gms.version
ADDED from src/main/AndroidManifest.xml:41:9-43:68
MERGED from [com.google.android.gms:play-services-basement:9.4.0] AndroidManifest.xml:21:9-23:69
MERGED from [com.google.android.gms:play-services-basement:9.4.0] AndroidManifest.xml:21:9-23:69
	android:value
		ADDED from src/main/AndroidManifest.xml:43:13-66
	android:name
		ADDED from src/main/AndroidManifest.xml:42:13-58
activity#org.digitalcampus.oppia.activity.StartUpActivity
ADDED from src/main/AndroidManifest.xml:45:9-55:20
	android:screenOrientation
		ADDED from src/main/AndroidManifest.xml:48:13-50
	android:label
		ADDED from src/main/AndroidManifest.xml:47:13-45
	android:theme
		ADDED from src/main/AndroidManifest.xml:49:13-47
	android:name
		ADDED from src/main/AndroidManifest.xml:46:13-76
intent-filter#android.intent.action.MAIN+android.intent.category.LAUNCHER
ADDED from src/main/AndroidManifest.xml:50:13-54:29
action#android.intent.action.MAIN
ADDED from src/main/AndroidManifest.xml:51:17-68
	android:name
		ADDED from src/main/AndroidManifest.xml:51:25-66
category#android.intent.category.LAUNCHER
ADDED from src/main/AndroidManifest.xml:53:17-76
	android:name
		ADDED from src/main/AndroidManifest.xml:53:27-74
activity#org.digitalcampus.oppia.activity.OppiaMobileActivity
ADDED from src/main/AndroidManifest.xml:56:9-60:20
	android:label
		ADDED from src/main/AndroidManifest.xml:58:13-45
	android:theme
		ADDED from src/main/AndroidManifest.xml:59:13-59
	android:name
		ADDED from src/main/AndroidManifest.xml:57:13-80
activity#org.digitalcampus.oppia.activity.CourseIndexActivity
ADDED from src/main/AndroidManifest.xml:63:9-68:20
	android:screenOrientation
		ADDED from src/main/AndroidManifest.xml:66:13-50
	android:label
		ADDED from src/main/AndroidManifest.xml:65:13-64
	android:theme
		ADDED from src/main/AndroidManifest.xml:67:13-59
	android:name
		ADDED from src/main/AndroidManifest.xml:64:13-80
activity#org.digitalcampus.oppia.activity.ActionPointDetailedActivity
ADDED from src/main/AndroidManifest.xml:69:9-74:20
	android:screenOrientation
		ADDED from src/main/AndroidManifest.xml:72:13-50
	android:label
		ADDED from src/main/AndroidManifest.xml:71:13-51
	android:theme
		ADDED from src/main/AndroidManifest.xml:73:13-59
	android:name
		ADDED from src/main/AndroidManifest.xml:70:13-88
activity#org.digitalcampus.oppia.activity.AnimateVideoActivity
ADDED from src/main/AndroidManifest.xml:75:9-78:61
	android:screenOrientation
		ADDED from src/main/AndroidManifest.xml:77:13-50
	android:theme
		ADDED from src/main/AndroidManifest.xml:78:13-59
	android:name
		ADDED from src/main/AndroidManifest.xml:76:13-81
activity#org.digitalcampus.oppia.activity.ActionPointsListActivity
ADDED from src/main/AndroidManifest.xml:79:9-84:20
	android:screenOrientation
		ADDED from src/main/AndroidManifest.xml:82:13-50
	android:label
		ADDED from src/main/AndroidManifest.xml:81:13-51
	android:theme
		ADDED from src/main/AndroidManifest.xml:83:13-59
	android:name
		ADDED from src/main/AndroidManifest.xml:80:13-85
activity#org.digitalcampus.oppia.activity.CourseActivity
ADDED from src/main/AndroidManifest.xml:85:9-89:62
	android:label
		ADDED from src/main/AndroidManifest.xml:87:13-58
	android:windowSoftInputMode
		ADDED from src/main/AndroidManifest.xml:89:13-60
	android:theme
		ADDED from src/main/AndroidManifest.xml:88:13-54
	android:name
		ADDED from src/main/AndroidManifest.xml:86:13-75
activity#org.digitalcampus.oppia.activity.DownloadActivity
ADDED from src/main/AndroidManifest.xml:90:9-94:56
	android:screenOrientation
		ADDED from src/main/AndroidManifest.xml:93:13-50
	android:label
		ADDED from src/main/AndroidManifest.xml:92:13-60
	android:theme
		ADDED from src/main/AndroidManifest.xml:94:13-54
	android:name
		ADDED from src/main/AndroidManifest.xml:91:13-77
activity#org.digitalcampus.oppia.activity.TagSelectActivity
ADDED from src/main/AndroidManifest.xml:95:9-101:20
	android:screenOrientation
		ADDED from src/main/AndroidManifest.xml:99:13-50
	android:label
		ADDED from src/main/AndroidManifest.xml:98:13-62
	android:configChanges
		ADDED from src/main/AndroidManifest.xml:97:13-51
	android:theme
		ADDED from src/main/AndroidManifest.xml:100:13-54
	android:name
		ADDED from src/main/AndroidManifest.xml:96:13-78
activity#org.digitalcampus.oppia.activity.PrefsActivity
ADDED from src/main/AndroidManifest.xml:102:9-106:56
	android:screenOrientation
		ADDED from src/main/AndroidManifest.xml:105:13-50
	android:label
		ADDED from src/main/AndroidManifest.xml:104:13-48
	android:theme
		ADDED from src/main/AndroidManifest.xml:106:13-54
	android:name
		ADDED from src/main/AndroidManifest.xml:103:13-74
activity#org.digitalcampus.oppia.activity.AboutActivity
ADDED from src/main/AndroidManifest.xml:107:9-110:56
	android:label
		ADDED from src/main/AndroidManifest.xml:109:13-48
	android:theme
		ADDED from src/main/AndroidManifest.xml:110:13-54
	android:name
		ADDED from src/main/AndroidManifest.xml:108:13-74
activity#org.digitalcampus.oppia.activity.WelcomeActivity
ADDED from src/main/AndroidManifest.xml:111:9-116:56
	android:screenOrientation
		ADDED from src/main/AndroidManifest.xml:114:13-50
	android:label
		ADDED from src/main/AndroidManifest.xml:113:13-45
	android:windowSoftInputMode
		ADDED from src/main/AndroidManifest.xml:115:13-68
	android:theme
		ADDED from src/main/AndroidManifest.xml:116:13-54
	android:name
		ADDED from src/main/AndroidManifest.xml:112:13-76
activity#org.digitalcampus.oppia.activity.OppiaMainActivity
ADDED from src/main/AndroidManifest.xml:118:9-124:15
	android:screenOrientation
		ADDED from src/main/AndroidManifest.xml:121:13-50
	android:label
		ADDED from src/main/AndroidManifest.xml:120:13-45
	android:windowSoftInputMode
		ADDED from src/main/AndroidManifest.xml:123:13-55
	android:theme
		ADDED from src/main/AndroidManifest.xml:122:13-59
	android:name
		ADDED from src/main/AndroidManifest.xml:119:13-78
activity#org.digitalcampus.oppia.activity.CourseMetaPageActivity
ADDED from src/main/AndroidManifest.xml:125:9-127:56
	android:label
		ADDED from src/main/AndroidManifest.xml:127:13-54
	android:name
		ADDED from src/main/AndroidManifest.xml:126:13-83
activity#org.digitalcampus.oppia.activity.DownloadMediaActivity
ADDED from src/main/AndroidManifest.xml:128:9-131:56
	android:label
		ADDED from src/main/AndroidManifest.xml:130:13-57
	android:theme
		ADDED from src/main/AndroidManifest.xml:131:13-54
	android:name
		ADDED from src/main/AndroidManifest.xml:129:13-82
activity#org.digitalcampus.oppia.activity.ScorecardActivity
ADDED from src/main/AndroidManifest.xml:132:9-135:56
	android:label
		ADDED from src/main/AndroidManifest.xml:134:13-52
	android:theme
		ADDED from src/main/AndroidManifest.xml:135:13-54
	android:name
		ADDED from src/main/AndroidManifest.xml:133:13-78
activity#org.digitalcampus.oppia.activity.SearchActivity
ADDED from src/main/AndroidManifest.xml:136:9-139:56
	android:label
		ADDED from src/main/AndroidManifest.xml:138:13-58
	android:theme
		ADDED from src/main/AndroidManifest.xml:139:13-54
	android:name
		ADDED from src/main/AndroidManifest.xml:137:13-75
activity#org.digitalcampus.oppia.activity.AppActivity
ADDED from src/main/AndroidManifest.xml:140:9-142:47
	android:label
		ADDED from src/main/AndroidManifest.xml:142:13-45
	android:name
		ADDED from src/main/AndroidManifest.xml:141:13-72
activity#org.digitalcampus.oppia.utils.mediaplayer.VideoPlayerActivity
ADDED from src/main/AndroidManifest.xml:143:9-147:54
	android:screenOrientation
		ADDED from src/main/AndroidManifest.xml:146:13-50
	android:label
		ADDED from src/main/AndroidManifest.xml:145:13-61
	android:theme
		ADDED from src/main/AndroidManifest.xml:147:13-52
	android:name
		ADDED from src/main/AndroidManifest.xml:144:13-89
activity#org.digitalcampus.oppia.activity.SyncActivity
ADDED from src/main/AndroidManifest.xml:148:9-151:50
	android:label
		ADDED from src/main/AndroidManifest.xml:151:13-47
	android:theme
		ADDED from src/main/AndroidManifest.xml:150:13-54
	android:name
		ADDED from src/main/AndroidManifest.xml:149:13-73
activity#org.digitalcampus.oppia.activity.DeviceListActivity
ADDED from src/main/AndroidManifest.xml:153:9-157:50
	android:label
		ADDED from src/main/AndroidManifest.xml:156:13-60
	android:configChanges
		ADDED from src/main/AndroidManifest.xml:155:13-63
	android:theme
		ADDED from src/main/AndroidManifest.xml:157:13-48
	android:name
		ADDED from src/main/AndroidManifest.xml:154:13-79
activity#org.digitalcampus.oppia.activity.CourseLayout
ADDED from src/main/AndroidManifest.xml:158:9-159:61
	android:theme
		ADDED from src/main/AndroidManifest.xml:159:13-59
	android:name
		ADDED from src/main/AndroidManifest.xml:158:19-79
activity#org.digitalcampus.oppia.activity.ViewDigestActivity
ADDED from src/main/AndroidManifest.xml:160:9-188:20
	android:theme
		ADDED from src/main/AndroidManifest.xml:162:13-59
	android:name
		ADDED from src/main/AndroidManifest.xml:161:13-79
intent-filter#android.intent.action.VIEW+android.intent.category.BROWSABLE+android.intent.category.DEFAULT
ADDED from src/main/AndroidManifest.xml:163:13-177:29
action#android.intent.action.VIEW
ADDED from src/main/AndroidManifest.xml:164:17-68
	android:name
		ADDED from src/main/AndroidManifest.xml:164:25-66
category#android.intent.category.DEFAULT
ADDED from src/main/AndroidManifest.xml:165:17-75
	android:name
		ADDED from src/main/AndroidManifest.xml:165:27-73
category#android.intent.category.BROWSABLE
ADDED from src/main/AndroidManifest.xml:166:17-77
	android:name
		ADDED from src/main/AndroidManifest.xml:166:27-75
data
ADDED from src/main/AndroidManifest.xml:168:17-171:44
	android:host
		ADDED from src/main/AndroidManifest.xml:169:21-59
	android:scheme
		ADDED from src/main/AndroidManifest.xml:171:21-42
	android:pathPrefix
		ADDED from src/main/AndroidManifest.xml:170:21-47
activity#org.digitalcampus.oppia.activity.LandingActivity
ADDED from src/main/AndroidManifest.xml:190:9-193:54
	android:screenOrientation
		ADDED from src/main/AndroidManifest.xml:192:13-50
	android:theme
		ADDED from src/main/AndroidManifest.xml:193:13-52
	android:name
		ADDED from src/main/AndroidManifest.xml:191:13-76
service#org.digitalcampus.oppia.service.TrackerService
ADDED from src/main/AndroidManifest.xml:194:9-198:19
	android:label
		ADDED from src/main/AndroidManifest.xml:197:13-52
	android:icon
		ADDED from src/main/AndroidManifest.xml:196:13-51
	android:name
		ADDED from src/main/AndroidManifest.xml:195:13-74
service#org.digitalcampus.oppia.service.DownloadService
ADDED from src/main/AndroidManifest.xml:199:9-202:47
	android:exported
		ADDED from src/main/AndroidManifest.xml:201:13-37
	android:icon
		ADDED from src/main/AndroidManifest.xml:202:13-45
	android:name
		ADDED from src/main/AndroidManifest.xml:200:13-75
service#org.digitalcampus.oppia.service.courseinstall.CourseIntallerService
ADDED from src/main/AndroidManifest.xml:203:9-206:47
	android:exported
		ADDED from src/main/AndroidManifest.xml:205:13-37
	android:icon
		ADDED from src/main/AndroidManifest.xml:206:13-45
	android:name
		ADDED from src/main/AndroidManifest.xml:204:13-95
service#org.digitalcampus.oppia.service.bluetooth.BluetoothTransferService
ADDED from src/main/AndroidManifest.xml:207:9-210:47
	android:exported
		ADDED from src/main/AndroidManifest.xml:209:13-37
	android:icon
		ADDED from src/main/AndroidManifest.xml:210:13-45
	android:name
		ADDED from src/main/AndroidManifest.xml:208:13-94
service#org.digitalcampus.oppia.gamification.GamificationService
ADDED from src/main/AndroidManifest.xml:211:9-214:47
	android:exported
		ADDED from src/main/AndroidManifest.xml:213:13-37
	android:icon
		ADDED from src/main/AndroidManifest.xml:214:13-45
	android:name
		ADDED from src/main/AndroidManifest.xml:212:13-84
receiver#org.digitalcampus.oppia.service.TrackerScheduleReceiver
ADDED from src/main/AndroidManifest.xml:216:9-220:20
	android:name
		ADDED from src/main/AndroidManifest.xml:216:19-89
intent-filter#android.intent.action.BOOT_COMPLETED
ADDED from src/main/AndroidManifest.xml:217:13-219:29
action#android.intent.action.BOOT_COMPLETED
ADDED from src/main/AndroidManifest.xml:218:17-78
	android:name
		ADDED from src/main/AndroidManifest.xml:218:25-76
receiver#org.digitalcampus.oppia.service.TrackerStartServiceReceiver
ADDED from src/main/AndroidManifest.xml:221:9-222:20
	android:name
		ADDED from src/main/AndroidManifest.xml:221:19-93
receiver#com.google.android.gms.gcm.GcmReceiver
ADDED from src/main/AndroidManifest.xml:225:9-234:20
	android:exported
		ADDED from src/main/AndroidManifest.xml:227:13-36
	android:permission
		ADDED from src/main/AndroidManifest.xml:228:13-73
	android:name
		ADDED from src/main/AndroidManifest.xml:226:13-66
intent-filter#com.google.android.c2dm.intent.RECEIVE+org.digitalcampus.mobile.learning
ADDED from src/main/AndroidManifest.xml:229:13-233:29
action#com.google.android.c2dm.intent.RECEIVE
ADDED from src/main/AndroidManifest.xml:230:17-80
	android:name
		ADDED from src/main/AndroidManifest.xml:230:25-78
category#org.digitalcampus.mobile.learning
ADDED from src/main/AndroidManifest.xml:232:17-77
	android:name
		ADDED from src/main/AndroidManifest.xml:232:27-75
service#org.digitalcampus.oppia.application.AdminGCMListener
ADDED from src/main/AndroidManifest.xml:236:9-242:19
	android:exported
		ADDED from src/main/AndroidManifest.xml:238:13-37
	android:name
		ADDED from src/main/AndroidManifest.xml:237:13-80
intent-filter#com.google.android.c2dm.intent.RECEIVE
ADDED from src/main/AndroidManifest.xml:239:13-241:29
service#org.digitalcampus.oppia.service.GCMUpdatedIIDService
ADDED from src/main/AndroidManifest.xml:243:9-249:19
	android:exported
		ADDED from src/main/AndroidManifest.xml:245:13-37
	android:name
		ADDED from src/main/AndroidManifest.xml:244:13-80
intent-filter#com.google.android.gms.iid.InstanceID
ADDED from src/main/AndroidManifest.xml:246:13-248:29
action#com.google.android.gms.iid.InstanceID
ADDED from src/main/AndroidManifest.xml:247:17-79
	android:name
		ADDED from src/main/AndroidManifest.xml:247:25-77
service#org.digitalcampus.oppia.service.GCMRegistrationService
ADDED from src/main/AndroidManifest.xml:250:9-253:19
	android:exported
		ADDED from src/main/AndroidManifest.xml:252:13-37
	android:name
		ADDED from src/main/AndroidManifest.xml:251:13-82
uses-sdk
INJECTED from src/main/AndroidManifest.xml reason: use-sdk injection requested
INJECTED from src/main/AndroidManifest.xml
INJECTED from src/main/AndroidManifest.xml
MERGED from [com.google.firebase:firebase-core:9.4.0] AndroidManifest.xml:4:5-42
MERGED from [com.google.firebase:firebase-core:9.4.0] AndroidManifest.xml:4:5-42
MERGED from [com.aurelhubert:ahbottomnavigation:2.1.0] AndroidManifest.xml:7:5-9:41
MERGED from [com.aurelhubert:ahbottomnavigation:2.1.0] AndroidManifest.xml:7:5-9:41
MERGED from [com.android.support:design:25.3.1] AndroidManifest.xml:21:5-23:62
MERGED from [com.android.support:design:25.3.1] AndroidManifest.xml:21:5-23:62
MERGED from [com.android.support:cardview-v7:25.3.1] AndroidManifest.xml:20:5-43
MERGED from [com.android.support:cardview-v7:25.3.1] AndroidManifest.xml:20:5-43